android/build/intermediates/manifest_merge_blame_file/release/manifest-merger-blame-release-report.txt
1<?xml version="1.0" encoding="utf-8"?>
2<manifest xmlns:android="http://schemas.android.com/apk/res/android"
3    package="com.melihyarikkaya.rnserialport" >
4
5    <uses-sdk android:minSdkVersion="21" />
5-->src/main/AndroidManifest.xml
6
7    <uses-feature
7-->src/main/AndroidManifest.xml:4:5-5:34
8        android:name="android.hardware.usb.host"
8-->src/main/AndroidManifest.xml:4:19-59
9        android:required="true" />
9-->src/main/AndroidManifest.xml:5:9-32
10
11    <uses-permission android:name="android.permission.CHANGE_NETWORK_STATE" />
11-->src/main/AndroidManifest.xml:6:5-79
11-->src/main/AndroidManifest.xml:6:22-76
12
13</manifest>